Mon Nov 27 19:31:16 2023
KeyError
Traceback (most recent call last):
  File "C:\Users\user\PycharmProjects\python_basic_diploma\handlers\default_handlers\search_condition.py", line 20, in main_search_command
    data["cond"] = msg_user
    ~~~~^^^^^^^^
TypeError: 'NoneType' object does not support item assignment

During handling of the above exception, another exception occurred:

Traceback (most recent call last):
  File "C:\Users\user\PycharmProjects\python_basic_diploma\handlers\default_handlers\exception_handler.py", line 21, in wrapped
    method(message)
  File "C:\Users\user\PycharmProjects\python_basic_diploma\handlers\default_handlers\search_condition.py", line 19, in main_search_command
    with bot.retrieve_data(user_id=user_id, chat_id=chat_id) as data:
  File "C:\Users\user\PycharmProjects\python_basic_diploma\venv\Lib\site-packages\telebot\storage\base_storage.py", line 68, in __exit__
    return self.obj.save(self.chat_id, self.user_id, self.data)
           ^^^^^^^^^^^^^^^^^^^^^^^^^^^^^^^^^^^^^^^^^^^^^^^^^^^^
  File "C:\Users\user\PycharmProjects\python_basic_diploma\venv\Lib\site-packages\telebot\storage\memory_storage.py", line 69, in save
    self.data[chat_id][user_id]['data'] = data
    ~~~~~~~~~^^^^^^^^^
KeyError: 439024736



Mon Nov 27 19:50:52 2023
KeyError
Traceback (most recent call last):
  File "C:\Users\user\PycharmProjects\python_basic_diploma\handlers\default_handlers\search_condition.py", line 20, in main_search_command
    data["cond"] = msg_user
    ~~~~^^^^^^^^
TypeError: 'NoneType' object does not support item assignment

During handling of the above exception, another exception occurred:

Traceback (most recent call last):
  File "C:\Users\user\PycharmProjects\python_basic_diploma\handlers\default_handlers\exception_handler.py", line 21, in wrapped
    method(message)
  File "C:\Users\user\PycharmProjects\python_basic_diploma\handlers\default_handlers\search_condition.py", line 19, in main_search_command
    with bot.retrieve_data(user_id=user_id, chat_id=chat_id) as data:
  File "C:\Users\user\PycharmProjects\python_basic_diploma\venv\Lib\site-packages\telebot\storage\base_storage.py", line 68, in __exit__
    return self.obj.save(self.chat_id, self.user_id, self.data)
           ^^^^^^^^^^^^^^^^^^^^^^^^^^^^^^^^^^^^^^^^^^^^^^^^^^^^
  File "C:\Users\user\PycharmProjects\python_basic_diploma\venv\Lib\site-packages\telebot\storage\memory_storage.py", line 69, in save
    self.data[chat_id][user_id]['data'] = data
    ~~~~~~~~~^^^^^^^^^
KeyError: 439024736



Mon Nov 27 19:55:51 2023
KeyError
Traceback (most recent call last):
  File "C:\Users\user\PycharmProjects\python_basic_diploma\handlers\additional_handlers\price_rating.py", line 20, in main_search_command
    data["cond"] = msg_user
    ~~~~^^^^^^^^
TypeError: 'NoneType' object does not support item assignment

During handling of the above exception, another exception occurred:

Traceback (most recent call last):
  File "C:\Users\user\PycharmProjects\python_basic_diploma\handlers\default_handlers\exception_handler.py", line 21, in wrapped
    method(message)
  File "C:\Users\user\PycharmProjects\python_basic_diploma\handlers\additional_handlers\price_rating.py", line 19, in main_search_command
    with bot.retrieve_data(user_id=user_id, chat_id=chat_id) as data:
  File "C:\Users\user\PycharmProjects\python_basic_diploma\venv\Lib\site-packages\telebot\storage\base_storage.py", line 68, in __exit__
    return self.obj.save(self.chat_id, self.user_id, self.data)
           ^^^^^^^^^^^^^^^^^^^^^^^^^^^^^^^^^^^^^^^^^^^^^^^^^^^^
  File "C:\Users\user\PycharmProjects\python_basic_diploma\venv\Lib\site-packages\telebot\storage\memory_storage.py", line 69, in save
    self.data[chat_id][user_id]['data'] = data
    ~~~~~~~~~^^^^^^^^^
KeyError: 439024736



Mon Nov 27 19:59:10 2023
KeyError
Traceback (most recent call last):
  File "C:\Users\user\PycharmProjects\python_basic_diploma\handlers\default_handlers\search_condition.py", line 20, in main_search_command
    data["cond"] = msg_user
    ~~~~^^^^^^^^
TypeError: 'NoneType' object does not support item assignment

During handling of the above exception, another exception occurred:

Traceback (most recent call last):
  File "C:\Users\user\PycharmProjects\python_basic_diploma\handlers\default_handlers\exception_handler.py", line 21, in wrapped
    method(message)
  File "C:\Users\user\PycharmProjects\python_basic_diploma\handlers\default_handlers\search_condition.py", line 19, in main_search_command
    with bot.retrieve_data(user_id=user_id, chat_id=chat_id) as data:
  File "C:\Users\user\PycharmProjects\python_basic_diploma\venv\Lib\site-packages\telebot\storage\base_storage.py", line 68, in __exit__
    return self.obj.save(self.chat_id, self.user_id, self.data)
           ^^^^^^^^^^^^^^^^^^^^^^^^^^^^^^^^^^^^^^^^^^^^^^^^^^^^
  File "C:\Users\user\PycharmProjects\python_basic_diploma\venv\Lib\site-packages\telebot\storage\memory_storage.py", line 69, in save
    self.data[chat_id][user_id]['data'] = data
    ~~~~~~~~~^^^^^^^^^
KeyError: 439024736



Mon Nov 27 20:00:19 2023
KeyError
Traceback (most recent call last):
  File "C:\Users\user\PycharmProjects\python_basic_diploma\handlers\default_handlers\search_condition.py", line 20, in main_search_command
    data["cond"] = msg_user
    ~~~~^^^^^^^^
TypeError: 'NoneType' object does not support item assignment

During handling of the above exception, another exception occurred:

Traceback (most recent call last):
  File "C:\Users\user\PycharmProjects\python_basic_diploma\handlers\default_handlers\exception_handler.py", line 21, in wrapped
    method(message)
  File "C:\Users\user\PycharmProjects\python_basic_diploma\handlers\default_handlers\search_condition.py", line 19, in main_search_command
    with bot.retrieve_data(user_id=user_id, chat_id=chat_id) as data:
  File "C:\Users\user\PycharmProjects\python_basic_diploma\venv\Lib\site-packages\telebot\storage\base_storage.py", line 68, in __exit__
    return self.obj.save(self.chat_id, self.user_id, self.data)
           ^^^^^^^^^^^^^^^^^^^^^^^^^^^^^^^^^^^^^^^^^^^^^^^^^^^^
  File "C:\Users\user\PycharmProjects\python_basic_diploma\venv\Lib\site-packages\telebot\storage\memory_storage.py", line 69, in save
    self.data[chat_id][user_id]['data'] = data
    ~~~~~~~~~^^^^^^^^^
KeyError: 439024736



Wed Nov 29 14:12:16 2023
KeyError
Traceback (most recent call last):
  File "C:\Users\user\PycharmProjects\python_basic_diploma\handlers\additional_handlers\price_rating.py", line 19, in main_search_command
    data["cond"] = msg_user
    ~~~~^^^^^^^^
TypeError: 'NoneType' object does not support item assignment

During handling of the above exception, another exception occurred:

Traceback (most recent call last):
  File "C:\Users\user\PycharmProjects\python_basic_diploma\handlers\default_handlers\exception_handler.py", line 21, in wrapped
    method(message)
  File "C:\Users\user\PycharmProjects\python_basic_diploma\handlers\additional_handlers\price_rating.py", line 18, in main_search_command
    with bot.retrieve_data(user_id=user_id, chat_id=chat_id) as data:
  File "C:\Users\user\PycharmProjects\python_basic_diploma\venv\Lib\site-packages\telebot\storage\base_storage.py", line 68, in __exit__
    return self.obj.save(self.chat_id, self.user_id, self.data)
           ^^^^^^^^^^^^^^^^^^^^^^^^^^^^^^^^^^^^^^^^^^^^^^^^^^^^
  File "C:\Users\user\PycharmProjects\python_basic_diploma\venv\Lib\site-packages\telebot\storage\memory_storage.py", line 69, in save
    self.data[chat_id][user_id]['data'] = data
    ~~~~~~~~~^^^^^^^^^
KeyError: 439024736



Wed Nov 29 14:15:29 2023
KeyError
Traceback (most recent call last):
  File "C:\Users\user\PycharmProjects\python_basic_diploma\handlers\additional_handlers\price_rating.py", line 19, in main_search_command
    data["cond"] = msg_user
    ~~~~^^^^^^^^
TypeError: 'NoneType' object does not support item assignment

During handling of the above exception, another exception occurred:

Traceback (most recent call last):
  File "C:\Users\user\PycharmProjects\python_basic_diploma\handlers\default_handlers\exception_handler.py", line 21, in wrapped
    method(message)
  File "C:\Users\user\PycharmProjects\python_basic_diploma\handlers\additional_handlers\price_rating.py", line 18, in main_search_command
    with bot.retrieve_data(user_id=user_id, chat_id=chat_id) as data:
  File "C:\Users\user\PycharmProjects\python_basic_diploma\venv\Lib\site-packages\telebot\storage\base_storage.py", line 68, in __exit__
    return self.obj.save(self.chat_id, self.user_id, self.data)
           ^^^^^^^^^^^^^^^^^^^^^^^^^^^^^^^^^^^^^^^^^^^^^^^^^^^^
  File "C:\Users\user\PycharmProjects\python_basic_diploma\venv\Lib\site-packages\telebot\storage\memory_storage.py", line 69, in save
    self.data[chat_id][user_id]['data'] = data
    ~~~~~~~~~^^^^^^^^^
KeyError: 439024736



Wed Nov 29 14:48:25 2023
KeyError
Traceback (most recent call last):
  File "C:\Users\user\PycharmProjects\python_basic_diploma\handlers\default_handlers\search_condition.py", line 20, in main_search_command
    data["cond"] = msg_user
    ~~~~^^^^^^^^
TypeError: 'NoneType' object does not support item assignment

During handling of the above exception, another exception occurred:

Traceback (most recent call last):
  File "C:\Users\user\PycharmProjects\python_basic_diploma\handlers\default_handlers\exception_handler.py", line 21, in wrapped
    method(message)
  File "C:\Users\user\PycharmProjects\python_basic_diploma\handlers\default_handlers\search_condition.py", line 19, in main_search_command
    with bot.retrieve_data(user_id=user_id, chat_id=chat_id) as data:
  File "C:\Users\user\PycharmProjects\python_basic_diploma\venv\Lib\site-packages\telebot\storage\base_storage.py", line 68, in __exit__
    return self.obj.save(self.chat_id, self.user_id, self.data)
           ^^^^^^^^^^^^^^^^^^^^^^^^^^^^^^^^^^^^^^^^^^^^^^^^^^^^
  File "C:\Users\user\PycharmProjects\python_basic_diploma\venv\Lib\site-packages\telebot\storage\memory_storage.py", line 69, in save
    self.data[chat_id][user_id]['data'] = data
    ~~~~~~~~~^^^^^^^^^
KeyError: 439024736



Wed Nov 29 14:54:18 2023
KeyError
Traceback (most recent call last):
  File "C:\Users\user\PycharmProjects\python_basic_diploma\handlers\default_handlers\search_condition.py", line 20, in main_search_command
    data["cond"] = msg_user
    ~~~~^^^^^^^^
TypeError: 'NoneType' object does not support item assignment

During handling of the above exception, another exception occurred:

Traceback (most recent call last):
  File "C:\Users\user\PycharmProjects\python_basic_diploma\handlers\default_handlers\exception_handler.py", line 21, in wrapped
    method(message)
  File "C:\Users\user\PycharmProjects\python_basic_diploma\handlers\default_handlers\search_condition.py", line 19, in main_search_command
    with bot.retrieve_data(user_id=user_id, chat_id=chat_id) as data:
  File "C:\Users\user\PycharmProjects\python_basic_diploma\venv\Lib\site-packages\telebot\storage\base_storage.py", line 68, in __exit__
    return self.obj.save(self.chat_id, self.user_id, self.data)
           ^^^^^^^^^^^^^^^^^^^^^^^^^^^^^^^^^^^^^^^^^^^^^^^^^^^^
  File "C:\Users\user\PycharmProjects\python_basic_diploma\venv\Lib\site-packages\telebot\storage\memory_storage.py", line 69, in save
    self.data[chat_id][user_id]['data'] = data
    ~~~~~~~~~^^^^^^^^^
KeyError: 439024736



Wed Nov 29 14:54:49 2023
KeyError
Traceback (most recent call last):
  File "C:\Users\user\PycharmProjects\python_basic_diploma\handlers\default_handlers\search_condition.py", line 20, in main_search_command
    data["cond"] = msg_user
    ~~~~^^^^^^^^
TypeError: 'NoneType' object does not support item assignment

During handling of the above exception, another exception occurred:

Traceback (most recent call last):
  File "C:\Users\user\PycharmProjects\python_basic_diploma\handlers\default_handlers\exception_handler.py", line 21, in wrapped
    method(message)
  File "C:\Users\user\PycharmProjects\python_basic_diploma\handlers\default_handlers\search_condition.py", line 19, in main_search_command
    with bot.retrieve_data(user_id=user_id, chat_id=chat_id) as data:
  File "C:\Users\user\PycharmProjects\python_basic_diploma\venv\Lib\site-packages\telebot\storage\base_storage.py", line 68, in __exit__
    return self.obj.save(self.chat_id, self.user_id, self.data)
           ^^^^^^^^^^^^^^^^^^^^^^^^^^^^^^^^^^^^^^^^^^^^^^^^^^^^
  File "C:\Users\user\PycharmProjects\python_basic_diploma\venv\Lib\site-packages\telebot\storage\memory_storage.py", line 69, in save
    self.data[chat_id][user_id]['data'] = data
    ~~~~~~~~~^^^^^^^^^
KeyError: 439024736



Wed Nov 29 14:56:14 2023
KeyError
Traceback (most recent call last):
  File "C:\Users\user\PycharmProjects\python_basic_diploma\handlers\default_handlers\search_condition.py", line 20, in main_search_command
    data["cond"] = msg_user
    ~~~~^^^^^^^^
TypeError: 'NoneType' object does not support item assignment

During handling of the above exception, another exception occurred:

Traceback (most recent call last):
  File "C:\Users\user\PycharmProjects\python_basic_diploma\handlers\default_handlers\exception_handler.py", line 21, in wrapped
    method(message)
  File "C:\Users\user\PycharmProjects\python_basic_diploma\handlers\default_handlers\search_condition.py", line 19, in main_search_command
    with bot.retrieve_data(user_id=user_id, chat_id=chat_id) as data:
  File "C:\Users\user\PycharmProjects\python_basic_diploma\venv\Lib\site-packages\telebot\storage\base_storage.py", line 68, in __exit__
    return self.obj.save(self.chat_id, self.user_id, self.data)
           ^^^^^^^^^^^^^^^^^^^^^^^^^^^^^^^^^^^^^^^^^^^^^^^^^^^^
  File "C:\Users\user\PycharmProjects\python_basic_diploma\venv\Lib\site-packages\telebot\storage\memory_storage.py", line 69, in save
    self.data[chat_id][user_id]['data'] = data
    ~~~~~~~~~^^^^^^^^^
KeyError: 439024736



Wed Nov 29 14:57:08 2023
KeyError
Traceback (most recent call last):
  File "C:\Users\user\PycharmProjects\python_basic_diploma\handlers\default_handlers\search_condition.py", line 20, in main_search_command
    data["cond"] = msg_user
    ~~~~^^^^^^^^
TypeError: 'NoneType' object does not support item assignment

During handling of the above exception, another exception occurred:

Traceback (most recent call last):
  File "C:\Users\user\PycharmProjects\python_basic_diploma\handlers\default_handlers\exception_handler.py", line 21, in wrapped
    method(message)
  File "C:\Users\user\PycharmProjects\python_basic_diploma\handlers\default_handlers\search_condition.py", line 19, in main_search_command
    with bot.retrieve_data(user_id=user_id, chat_id=chat_id) as data:
  File "C:\Users\user\PycharmProjects\python_basic_diploma\venv\Lib\site-packages\telebot\storage\base_storage.py", line 68, in __exit__
    return self.obj.save(self.chat_id, self.user_id, self.data)
           ^^^^^^^^^^^^^^^^^^^^^^^^^^^^^^^^^^^^^^^^^^^^^^^^^^^^
  File "C:\Users\user\PycharmProjects\python_basic_diploma\venv\Lib\site-packages\telebot\storage\memory_storage.py", line 69, in save
    self.data[chat_id][user_id]['data'] = data
    ~~~~~~~~~^^^^^^^^^
KeyError: 439024736



Wed Nov 29 14:57:36 2023
KeyError
Traceback (most recent call last):
  File "C:\Users\user\PycharmProjects\python_basic_diploma\handlers\default_handlers\search_condition.py", line 20, in main_search_command
    data["cond"] = msg_user
    ~~~~^^^^^^^^
TypeError: 'NoneType' object does not support item assignment

During handling of the above exception, another exception occurred:

Traceback (most recent call last):
  File "C:\Users\user\PycharmProjects\python_basic_diploma\handlers\default_handlers\exception_handler.py", line 21, in wrapped
    method(message)
  File "C:\Users\user\PycharmProjects\python_basic_diploma\handlers\default_handlers\search_condition.py", line 19, in main_search_command
    with bot.retrieve_data(user_id=user_id, chat_id=chat_id) as data:
  File "C:\Users\user\PycharmProjects\python_basic_diploma\venv\Lib\site-packages\telebot\storage\base_storage.py", line 68, in __exit__
    return self.obj.save(self.chat_id, self.user_id, self.data)
           ^^^^^^^^^^^^^^^^^^^^^^^^^^^^^^^^^^^^^^^^^^^^^^^^^^^^
  File "C:\Users\user\PycharmProjects\python_basic_diploma\venv\Lib\site-packages\telebot\storage\memory_storage.py", line 69, in save
    self.data[chat_id][user_id]['data'] = data
    ~~~~~~~~~^^^^^^^^^
KeyError: 439024736



Fri Dec  1 12:27:05 2023
KeyError
Traceback (most recent call last):
  File "C:\Users\user\PycharmProjects\python_basic_diploma\handlers\default_handlers\search_condition.py", line 20, in main_search_command
    data["cond"] = msg_user
    ~~~~^^^^^^^^
TypeError: 'NoneType' object does not support item assignment

During handling of the above exception, another exception occurred:

Traceback (most recent call last):
  File "C:\Users\user\PycharmProjects\python_basic_diploma\handlers\default_handlers\exception_handler.py", line 21, in wrapped
    method(message)
  File "C:\Users\user\PycharmProjects\python_basic_diploma\handlers\default_handlers\search_condition.py", line 19, in main_search_command
    with bot.retrieve_data(user_id=user_id, chat_id=chat_id) as data:
  File "C:\Users\user\PycharmProjects\python_basic_diploma\venv\Lib\site-packages\telebot\storage\base_storage.py", line 68, in __exit__
    return self.obj.save(self.chat_id, self.user_id, self.data)
           ^^^^^^^^^^^^^^^^^^^^^^^^^^^^^^^^^^^^^^^^^^^^^^^^^^^^
  File "C:\Users\user\PycharmProjects\python_basic_diploma\venv\Lib\site-packages\telebot\storage\memory_storage.py", line 69, in save
    self.data[chat_id][user_id]['data'] = data
    ~~~~~~~~~^^^^^^^^^
KeyError: 439024736



Fri Dec  1 12:39:16 2023
KeyError
Traceback (most recent call last):
  File "C:\Users\user\PycharmProjects\python_basic_diploma\handlers\default_handlers\search_condition.py", line 20, in main_search_command
    data["cond"] = msg_user
    ~~~~^^^^^^^^
TypeError: 'NoneType' object does not support item assignment

During handling of the above exception, another exception occurred:

Traceback (most recent call last):
  File "C:\Users\user\PycharmProjects\python_basic_diploma\handlers\default_handlers\exception_handler.py", line 21, in wrapped
    method(message)
  File "C:\Users\user\PycharmProjects\python_basic_diploma\handlers\default_handlers\search_condition.py", line 19, in main_search_command
    with bot.retrieve_data(user_id=user_id, chat_id=chat_id) as data:
  File "C:\Users\user\PycharmProjects\python_basic_diploma\venv\Lib\site-packages\telebot\storage\base_storage.py", line 68, in __exit__
    return self.obj.save(self.chat_id, self.user_id, self.data)
           ^^^^^^^^^^^^^^^^^^^^^^^^^^^^^^^^^^^^^^^^^^^^^^^^^^^^
  File "C:\Users\user\PycharmProjects\python_basic_diploma\venv\Lib\site-packages\telebot\storage\memory_storage.py", line 69, in save
    self.data[chat_id][user_id]['data'] = data
    ~~~~~~~~~^^^^^^^^^
KeyError: 439024736



Fri Dec  1 12:43:51 2023
KeyError
Traceback (most recent call last):
  File "C:\Users\user\PycharmProjects\python_basic_diploma\handlers\default_handlers\search_condition.py", line 20, in main_search_command
    data["cond"] = msg_user
    ~~~~^^^^^^^^
TypeError: 'NoneType' object does not support item assignment

During handling of the above exception, another exception occurred:

Traceback (most recent call last):
  File "C:\Users\user\PycharmProjects\python_basic_diploma\handlers\default_handlers\exception_handler.py", line 21, in wrapped
    method(message)
  File "C:\Users\user\PycharmProjects\python_basic_diploma\handlers\default_handlers\search_condition.py", line 19, in main_search_command
    with bot.retrieve_data(user_id=user_id, chat_id=chat_id) as data:
  File "C:\Users\user\PycharmProjects\python_basic_diploma\venv\Lib\site-packages\telebot\storage\base_storage.py", line 68, in __exit__
    return self.obj.save(self.chat_id, self.user_id, self.data)
           ^^^^^^^^^^^^^^^^^^^^^^^^^^^^^^^^^^^^^^^^^^^^^^^^^^^^
  File "C:\Users\user\PycharmProjects\python_basic_diploma\venv\Lib\site-packages\telebot\storage\memory_storage.py", line 69, in save
    self.data[chat_id][user_id]['data'] = data
    ~~~~~~~~~^^^^^^^^^
KeyError: 439024736



Fri Dec  1 12:45:02 2023
KeyError
Traceback (most recent call last):
  File "C:\Users\user\PycharmProjects\python_basic_diploma\handlers\default_handlers\search_condition.py", line 20, in main_search_command
    data["cond"] = msg_user
    ~~~~^^^^^^^^
TypeError: 'NoneType' object does not support item assignment

During handling of the above exception, another exception occurred:

Traceback (most recent call last):
  File "C:\Users\user\PycharmProjects\python_basic_diploma\handlers\default_handlers\exception_handler.py", line 21, in wrapped
    method(message)
  File "C:\Users\user\PycharmProjects\python_basic_diploma\handlers\default_handlers\search_condition.py", line 19, in main_search_command
    with bot.retrieve_data(user_id=user_id, chat_id=chat_id) as data:
  File "C:\Users\user\PycharmProjects\python_basic_diploma\venv\Lib\site-packages\telebot\storage\base_storage.py", line 68, in __exit__
    return self.obj.save(self.chat_id, self.user_id, self.data)
           ^^^^^^^^^^^^^^^^^^^^^^^^^^^^^^^^^^^^^^^^^^^^^^^^^^^^
  File "C:\Users\user\PycharmProjects\python_basic_diploma\venv\Lib\site-packages\telebot\storage\memory_storage.py", line 69, in save
    self.data[chat_id][user_id]['data'] = data
    ~~~~~~~~~^^^^^^^^^
KeyError: 439024736



Fri Dec  1 13:21:57 2023
KeyError
Traceback (most recent call last):
  File "C:\Users\user\PycharmProjects\python_basic_diploma\handlers\default_handlers\search_condition.py", line 20, in main_search_command
    data["cond"] = msg_user
    ~~~~^^^^^^^^
TypeError: 'NoneType' object does not support item assignment

During handling of the above exception, another exception occurred:

Traceback (most recent call last):
  File "C:\Users\user\PycharmProjects\python_basic_diploma\handlers\default_handlers\exception_handler.py", line 21, in wrapped
    method(message)
  File "C:\Users\user\PycharmProjects\python_basic_diploma\handlers\default_handlers\search_condition.py", line 19, in main_search_command
    with bot.retrieve_data(user_id=user_id, chat_id=chat_id) as data:
  File "C:\Users\user\PycharmProjects\python_basic_diploma\venv\Lib\site-packages\telebot\storage\base_storage.py", line 68, in __exit__
    return self.obj.save(self.chat_id, self.user_id, self.data)
           ^^^^^^^^^^^^^^^^^^^^^^^^^^^^^^^^^^^^^^^^^^^^^^^^^^^^
  File "C:\Users\user\PycharmProjects\python_basic_diploma\venv\Lib\site-packages\telebot\storage\memory_storage.py", line 69, in save
    self.data[chat_id][user_id]['data'] = data
    ~~~~~~~~~^^^^^^^^^
KeyError: 439024736



Sun Dec  3 12:47:24 2023
KeyError
Traceback (most recent call last):
  File "C:\Users\user\PycharmProjects\python_basic_diploma\handlers\default_handlers\search_condition.py", line 20, in main_search_command
    data["cond"] = msg_user
    ~~~~^^^^^^^^
TypeError: 'NoneType' object does not support item assignment

During handling of the above exception, another exception occurred:

Traceback (most recent call last):
  File "C:\Users\user\PycharmProjects\python_basic_diploma\handlers\default_handlers\exception_handler.py", line 21, in wrapped
    method(message)
  File "C:\Users\user\PycharmProjects\python_basic_diploma\handlers\default_handlers\search_condition.py", line 19, in main_search_command
    with bot.retrieve_data(user_id=user_id, chat_id=chat_id) as data:
  File "C:\Users\user\PycharmProjects\python_basic_diploma\venv\Lib\site-packages\telebot\storage\base_storage.py", line 68, in __exit__
    return self.obj.save(self.chat_id, self.user_id, self.data)
           ^^^^^^^^^^^^^^^^^^^^^^^^^^^^^^^^^^^^^^^^^^^^^^^^^^^^
  File "C:\Users\user\PycharmProjects\python_basic_diploma\venv\Lib\site-packages\telebot\storage\memory_storage.py", line 69, in save
    self.data[chat_id][user_id]['data'] = data
    ~~~~~~~~~^^^^^^^^^
KeyError: 439024736



Sun Dec  3 13:43:04 2023
KeyError
Traceback (most recent call last):
  File "C:\Users\user\PycharmProjects\python_basic_diploma\handlers\default_handlers\search_condition.py", line 20, in main_search_command
    data["cond"] = msg_user
    ~~~~^^^^^^^^
TypeError: 'NoneType' object does not support item assignment

During handling of the above exception, another exception occurred:

Traceback (most recent call last):
  File "C:\Users\user\PycharmProjects\python_basic_diploma\handlers\default_handlers\exception_handler.py", line 21, in wrapped
    method(message)
  File "C:\Users\user\PycharmProjects\python_basic_diploma\handlers\default_handlers\search_condition.py", line 19, in main_search_command
    with bot.retrieve_data(user_id=user_id, chat_id=chat_id) as data:
  File "C:\Users\user\PycharmProjects\python_basic_diploma\venv\Lib\site-packages\telebot\storage\base_storage.py", line 68, in __exit__
    return self.obj.save(self.chat_id, self.user_id, self.data)
           ^^^^^^^^^^^^^^^^^^^^^^^^^^^^^^^^^^^^^^^^^^^^^^^^^^^^
  File "C:\Users\user\PycharmProjects\python_basic_diploma\venv\Lib\site-packages\telebot\storage\memory_storage.py", line 69, in save
    self.data[chat_id][user_id]['data'] = data
    ~~~~~~~~~^^^^^^^^^
KeyError: 439024736



Sun Dec  3 14:05:00 2023
KeyError
Traceback (most recent call last):
  File "C:\Users\user\PycharmProjects\python_basic_diploma\handlers\default_handlers\search_condition.py", line 20, in main_search_command
    data["cond"] = msg_user
    ~~~~^^^^^^^^
TypeError: 'NoneType' object does not support item assignment

During handling of the above exception, another exception occurred:

Traceback (most recent call last):
  File "C:\Users\user\PycharmProjects\python_basic_diploma\handlers\default_handlers\exception_handler.py", line 21, in wrapped
    method(message)
  File "C:\Users\user\PycharmProjects\python_basic_diploma\handlers\default_handlers\search_condition.py", line 19, in main_search_command
    with bot.retrieve_data(user_id=user_id, chat_id=chat_id) as data:
  File "C:\Users\user\PycharmProjects\python_basic_diploma\venv\Lib\site-packages\telebot\storage\base_storage.py", line 68, in __exit__
    return self.obj.save(self.chat_id, self.user_id, self.data)
           ^^^^^^^^^^^^^^^^^^^^^^^^^^^^^^^^^^^^^^^^^^^^^^^^^^^^
  File "C:\Users\user\PycharmProjects\python_basic_diploma\venv\Lib\site-packages\telebot\storage\memory_storage.py", line 69, in save
    self.data[chat_id][user_id]['data'] = data
    ~~~~~~~~~^^^^^^^^^
KeyError: 439024736



Sun Dec  3 14:18:00 2023
KeyError
Traceback (most recent call last):
  File "C:\Users\user\PycharmProjects\python_basic_diploma\handlers\default_handlers\search_condition.py", line 20, in main_search_command
    data["cond"] = msg_user
    ~~~~^^^^^^^^
TypeError: 'NoneType' object does not support item assignment

During handling of the above exception, another exception occurred:

Traceback (most recent call last):
  File "C:\Users\user\PycharmProjects\python_basic_diploma\handlers\default_handlers\exception_handler.py", line 21, in wrapped
    method(message)
  File "C:\Users\user\PycharmProjects\python_basic_diploma\handlers\default_handlers\search_condition.py", line 19, in main_search_command
    with bot.retrieve_data(user_id=user_id, chat_id=chat_id) as data:
  File "C:\Users\user\PycharmProjects\python_basic_diploma\venv\Lib\site-packages\telebot\storage\base_storage.py", line 68, in __exit__
    return self.obj.save(self.chat_id, self.user_id, self.data)
           ^^^^^^^^^^^^^^^^^^^^^^^^^^^^^^^^^^^^^^^^^^^^^^^^^^^^
  File "C:\Users\user\PycharmProjects\python_basic_diploma\venv\Lib\site-packages\telebot\storage\memory_storage.py", line 69, in save
    self.data[chat_id][user_id]['data'] = data
    ~~~~~~~~~^^^^^^^^^
KeyError: 439024736



